# JRE version: Java(TM) SE Runtime Environment (8.0_05-b13) (build 1.8.0_05-b13)
# Java VM: Java HotSpot(TM) 64-Bit Server VM (25.5-b02 mixed mode windows-amd64 compressed oops)
Heap:
 def new generation   total 112896K, used 61540K [0x00000000a2400000, 0x00000000a9e70000, 0x00000000c1800000)
  eden space 100416K,  61% used [0x00000000a2400000, 0x00000000a6018de8, 0x00000000a8610000)
  from space 12480K,   0% used [0x00000000a9240000, 0x00000000a9240328, 0x00000000a9e70000)
  to   space 12480K,   0% used [0x00000000a8610000, 0x00000000a8610000, 0x00000000a9240000)
 tenured generation   total 250624K, used 110696K [0x00000000c1800000, 0x00000000d0cc0000, 0x0000000100000000)
   the space 250624K,  44% used [0x00000000c1800000, 0x00000000c841a3c8, 0x00000000c841a400, 0x00000000d0cc0000)
 Metaspace       used 53302K, capacity 54744K, committed 55088K, reserved 1097728K
  class space    used 7405K, capacity 7692K, committed 7728K, reserved 1048576K
GC Heap History (10 events):
Event: 61628.717 GC heap before
{Heap before GC invocations=193 (full 2):
 def new generation   total 112896K, used 104135K [0x00000000a2400000, 0x00000000a9e70000, 0x00000000c1800000)
  eden space 100416K, 100% used [0x00000000a2400000, 0x00000000a8610000, 0x00000000a8610000)
  from space 12480K,  29% used [0x00000000a8610000, 0x00000000a89b1c80, 0x00000000a9240000)
  to   space 12480K,   0% used [0x00000000a9240000, 0x00000000a9240000, 0x00000000a9e70000)
 tenured generation   total 250624K, used 99677K [0x00000000c1800000, 0x00000000d0cc0000, 0x0000000100000000)
   the space 250624K,  39% used [0x00000000c1800000, 0x00000000c7957768, 0x00000000c7957800, 0x00000000d0cc0000)
 Metaspace       used 53297K, capacity 54744K, committed 55088K, reserved 1097728K
  class space    used 7405K, capacity 7692K, committed 7728K, reserved 1048576K
Event: 61628.768 GC heap after
Heap after GC invocations=194 (full 2):
 def new generation   total 112896K, used 11278K [0x00000000a2400000, 0x00000000a9e70000, 0x00000000c1800000)
  eden space 100416K,   0% used [0x00000000a2400000, 0x00000000a2400000, 0x00000000a8610000)
  from space 12480K,  90% used [0x00000000a9240000, 0x00000000a9d43ad0, 0x00000000a9e70000)
  to   space 12480K,   0% used [0x00000000a8610000, 0x00000000a8610000, 0x00000000a9240000)
 tenured generation   total 250624K, used 99677K [0x00000000c1800000, 0x00000000d0cc0000, 0x0000000100000000)
   the space 250624K,  39% used [0x00000000c1800000, 0x00000000c7957768, 0x00000000c7957800, 0x00000000d0cc0000)
 Metaspace       used 53297K, capacity 54744K, committed 55088K, reserved 1097728K
  class space    used 7405K, capacity 7692K, committed 7728K, reserved 1048576K
}
Event: 62656.073 GC heap before
{Heap before GC invocations=194 (full 2):
 def new generation   total 112896K, used 111694K [0x00000000a2400000, 0x00000000a9e70000, 0x00000000c1800000)
  eden space 100416K, 100% used [0x00000000a2400000, 0x00000000a8610000, 0x00000000a8610000)
  from space 12480K,  90% used [0x00000000a9240000, 0x00000000a9d43ad0, 0x00000000a9e70000)
  to   space 12480K,   0% used [0x00000000a8610000, 0x00000000a8610000, 0x00000000a9240000)
 tenured generation   total 250624K, used 99677K [0x00000000c1800000, 0x00000000d0cc0000, 0x0000000100000000)
   the space 250624K,  39% used [0x00000000c1800000, 0x00000000c7957768, 0x00000000c7957800, 0x00000000d0cc0000)
 Metaspace       used 53297K, capacity 54744K, committed 55088K, reserved 1097728K
  class space    used 7405K, capacity 7692K, committed 7728K, reserved 1048576K
Event: 62656.090 GC heap after
Heap after GC invocations=195 (full 2):
 def new generation   total 112896K, used 1K [0x00000000a2400000, 0x00000000a9e70000, 0x00000000c1800000)
  eden space 100416K,   0% used [0x00000000a2400000, 0x00000000a2400000, 0x00000000a8610000)
  from space 12480K,   0% used [0x00000000a8610000, 0x00000000a86106e0, 0x00000000a9240000)
  to   space 12480K,   0% used [0x00000000a9240000, 0x00000000a9240000, 0x00000000a9e70000)
 tenured generation   total 250624K, used 110696K [0x00000000c1800000, 0x00000000d0cc0000, 0x0000000100000000)
   the space 250624K,  44% used [0x00000000c1800000, 0x00000000c841a3c8, 0x00000000c841a400, 0x00000000d0cc0000)
 Metaspace       used 53297K, capacity 54744K, committed 55088K, reserved 1097728K
  class space    used 7405K, capacity 7692K, committed 7728K, reserved 1048576K
}
Event: 63685.930 GC heap before
{Heap before GC invocations=195 (full 2):
 def new generation   total 112896K, used 100417K [0x00000000a2400000, 0x00000000a9e70000, 0x00000000c1800000)
  eden space 100416K, 100% used [0x00000000a2400000, 0x00000000a8610000, 0x00000000a8610000)
  from space 12480K,   0% used [0x00000000a8610000, 0x00000000a86106e0, 0x00000000a9240000)
  to   space 12480K,   0% used [0x00000000a9240000, 0x00000000a9240000, 0x00000000a9e70000)
 tenured generation   total 250624K, used 110696K [0x00000000c1800000, 0x00000000d0cc0000, 0x0000000100000000)
   the space 250624K,  44% used [0x00000000c1800000, 0x00000000c841a3c8, 0x00000000c841a400, 0x00000000d0cc0000)
 Metaspace       used 53297K, capacity 54744K, committed 55088K, reserved 1097728K
  class space    used 7405K, capacity 7692K, committed 7728K, reserved 1048576K
Event: 63685.934 GC heap after
Heap after GC invocations=196 (full 2):
 def new generation   total 112896K, used 2K [0x00000000a2400000, 0x00000000a9e70000, 0x00000000c1800000)
  eden space 100416K,   0% used [0x00000000a2400000, 0x00000000a2400000, 0x00000000a8610000)
  from space 12480K,   0% used [0x00000000a9240000, 0x00000000a92409a0, 0x00000000a9e70000)
  to   space 12480K,   0% used [0x00000000a8610000, 0x00000000a8610000, 0x00000000a9240000)
 tenured generation   total 250624K, used 110696K [0x00000000c1800000, 0x00000000d0cc0000, 0x0000000100000000)
   the space 250624K,  44% used [0x00000000c1800000, 0x00000000c841a3c8, 0x00000000c841a400, 0x00000000d0cc0000)
 Metaspace       used 53297K, capacity 54744K, committed 55088K, reserved 1097728K
  class space    used 7405K, capacity 7692K, committed 7728K, reserved 1048576K
}
Event: 64706.675 GC heap before
{Heap before GC invocations=196 (full 2):
 def new generation   total 112896K, used 100418K [0x00000000a2400000, 0x00000000a9e70000, 0x00000000c1800000)
  eden space 100416K, 100% used [0x00000000a2400000, 0x00000000a8610000, 0x00000000a8610000)
  from space 12480K,   0% used [0x00000000a9240000, 0x00000000a92409a0, 0x00000000a9e70000)
  to   space 12480K,   0% used [0x00000000a8610000, 0x00000000a8610000, 0x00000000a9240000)
 tenured generation   total 250624K, used 110696K [0x00000000c1800000, 0x00000000d0cc0000, 0x0000000100000000)
   the space 250624K,  44% used [0x00000000c1800000, 0x00000000c841a3c8, 0x00000000c841a400, 0x00000000d0cc0000)
 Metaspace       used 53297K, capacity 54744K, committed 55088K, reserved 1097728K
  class space    used 7405K, capacity 7692K, committed 7728K, reserved 1048576K
Event: 64706.679 GC heap after
Heap after GC invocations=197 (full 2):
 def new generation   total 112896K, used 2K [0x00000000a2400000, 0x00000000a9e70000, 0x00000000c1800000)
  eden space 100416K,   0% used [0x00000000a2400000, 0x00000000a2400000, 0x00000000a8610000)
  from space 12480K,   0% used [0x00000000a8610000, 0x00000000a8610a28, 0x00000000a9240000)
  to   space 12480K,   0% used [0x00000000a9240000, 0x00000000a9240000, 0x00000000a9e70000)
 tenured generation   total 250624K, used 110696K [0x00000000c1800000, 0x00000000d0cc0000, 0x0000000100000000)
   the space 250624K,  44% used [0x00000000c1800000, 0x00000000c841a3c8, 0x00000000c841a400, 0x00000000d0cc0000)
 Metaspace       used 53297K, capacity 54744K, committed 55088K, reserved 1097728K
  class space    used 7405K, capacity 7692K, committed 7728K, reserved 1048576K
}
Event: 65738.626 GC heap before
{Heap before GC invocations=197 (full 2):
 def new generation   total 112896K, used 100418K [0x00000000a2400000, 0x00000000a9e70000, 0x00000000c1800000)
  eden space 100416K, 100% used [0x00000000a2400000, 0x00000000a8610000, 0x00000000a8610000)
  from space 12480K,   0% used [0x00000000a8610000, 0x00000000a8610a28, 0x00000000a9240000)
  to   space 12480K,   0% used [0x00000000a9240000, 0x00000000a9240000, 0x00000000a9e70000)
 tenured generation   total 250624K, used 110696K [0x00000000c1800000, 0x00000000d0cc0000, 0x0000000100000000)
   the space 250624K,  44% used [0x00000000c1800000, 0x00000000c841a3c8, 0x00000000c841a400, 0x00000000d0cc0000)
 Metaspace       used 53297K, capacity 54744K, committed 55088K, reserved 1097728K
  class space    used 7405K, capacity 7692K, committed 7728K, reserved 1048576K
Event: 65738.632 GC heap after
Heap after GC invocations=198 (full 2):
 def new generation   total 112896K, used 0K [0x00000000a2400000, 0x00000000a9e70000, 0x00000000c1800000)
  eden space 100416K,   0% used [0x00000000a2400000, 0x00000000a2400000, 0x00000000a8610000)
  from space 12480K,   0% used [0x00000000a9240000, 0x00000000a9240328, 0x00000000a9e70000)
  to   space 12480K,   0% used [0x00000000a8610000, 0x00000000a8610000, 0x00000000a9240000)
 tenured generation   total 250624K, used 110696K [0x00000000c1800000, 0x00000000d0cc0000, 0x0000000100000000)
   the space 250624K,  44% used [0x00000000c1800000, 0x00000000c841a3c8, 0x00000000c841a400, 0x00000000d0cc0000)
 Metaspace       used 53297K, capacity 54744K, committed 55088K, reserved 1097728K
  class space    used 7405K, capacity 7692K, committed 7728K, reserved 1048576K
}

